2023-04-06 08:46:41
Full thread dump OpenJDK 64-Bit Server VM (11.0.18+10 mixed mode):

Threads class SMR info:
_java_thread_list=0x00007efd74000c30, length=12, elements={
0x00007efdbc1e6800, 0x00007efdbc1ea800, 0x00007efdbc1ff800, 0x00007efdbc201800,
0x00007efdbc203800, 0x00007efdbc205800, 0x00007efdbc208000, 0x00007efdbc2ae000,
0x00007efdbc2b4800, 0x00007efdbc2b6000, 0x00007efdbc029000, 0x00007efd74001000
}

"Reference Handler" #2 daemon prio=10 os_prio=0 cpu=0.16ms elapsed=45.84s tid=0x00007efdbc1e6800 nid=0x491e waiting on condition  [0x00007efd875fa000]
   java.lang.Thread.State: RUNNABLE
	at java.lang.ref.Reference.waitForReferencePendingList(java.base@11.0.18/Native Method)
	at java.lang.ref.Reference.processPendingReferences(java.base@11.0.18/Reference.java:241)
	at java.lang.ref.Reference$ReferenceHandler.run(java.base@11.0.18/Reference.java:213)

   Locked ownable synchronizers:
	- None

"Finalizer" #3 daemon prio=8 os_prio=0 cpu=0.47ms elapsed=45.84s tid=0x00007efdbc1ea800 nid=0x491f in Object.wait()  [0x00007efd874f9000]
   java.lang.Thread.State: WAITING (on object monitor)
	at java.lang.Object.wait(java.base@11.0.18/Native Method)
	- waiting on <0x000000070ff09008> (a java.lang.ref.ReferenceQueue$Lock)
	at java.lang.ref.ReferenceQueue.remove(java.base@11.0.18/ReferenceQueue.java:155)
	- waiting to re-lock in wait() <0x000000070ff09008> (a java.lang.ref.ReferenceQueue$Lock)
	at java.lang.ref.ReferenceQueue.remove(java.base@11.0.18/ReferenceQueue.java:176)
	at java.lang.ref.Finalizer$FinalizerThread.run(java.base@11.0.18/Finalizer.java:170)

   Locked ownable synchronizers:
	- None

"Signal Dispatcher" #4 daemon prio=9 os_prio=0 cpu=0.28ms elapsed=45.83s tid=0x00007efdbc1ff800 nid=0x4920 runnable  [0x0000000000000000]
   java.lang.Thread.State: RUNNABLE

   Locked ownable synchronizers:
	- None

"Service Thread" #5 daemon prio=9 os_prio=0 cpu=0.09ms elapsed=45.83s tid=0x00007efdbc201800 nid=0x4921 runnable  [0x0000000000000000]
   java.lang.Thread.State: RUNNABLE

   Locked ownable synchronizers:
	- None

"C2 CompilerThread0" #6 daemon prio=9 os_prio=0 cpu=12.99ms elapsed=45.83s tid=0x00007efdbc203800 nid=0x4922 waiting on condition  [0x0000000000000000]
   java.lang.Thread.State: RUNNABLE
   No compile task

   Locked ownable synchronizers:
	- None

"C1 CompilerThread0" #8 daemon prio=9 os_prio=0 cpu=23.38ms elapsed=45.83s tid=0x00007efdbc205800 nid=0x4923 waiting on condition  [0x0000000000000000]
   java.lang.Thread.State: RUNNABLE
   No compile task

   Locked ownable synchronizers:
	- None

"Sweeper thread" #9 daemon prio=9 os_prio=0 cpu=0.10ms elapsed=45.83s tid=0x00007efdbc208000 nid=0x4924 runnable  [0x0000000000000000]
   java.lang.Thread.State: RUNNABLE

   Locked ownable synchronizers:
	- None

"Common-Cleaner" #10 daemon prio=8 os_prio=0 cpu=0.18ms elapsed=45.78s tid=0x00007efdbc2ae000 nid=0x4927 in Object.wait()  [0x00007efd86b0a000]
   java.lang.Thread.State: TIMED_WAITING (on object monitor)
	at java.lang.Object.wait(java.base@11.0.18/Native Method)
	- waiting on <0x000000070fe050c8> (a java.lang.ref.ReferenceQueue$Lock)
	at java.lang.ref.ReferenceQueue.remove(java.base@11.0.18/ReferenceQueue.java:155)
	- waiting to re-lock in wait() <0x000000070fe050c8> (a java.lang.ref.ReferenceQueue$Lock)
	at jdk.internal.ref.CleanerImpl.run(java.base@11.0.18/CleanerImpl.java:148)
	at java.lang.Thread.run(java.base@11.0.18/Thread.java:829)
	at jdk.internal.misc.InnocuousThread.run(java.base@11.0.18/InnocuousThread.java:161)

   Locked ownable synchronizers:
	- None

"Thread-0" #11 prio=5 os_prio=0 cpu=2.30ms elapsed=45.77s tid=0x00007efdbc2b4800 nid=0x4928 waiting for monitor entry  [0x00007efd86a09000]
   java.lang.Thread.State: BLOCKED (on object monitor)
	at chapter10.OrderingDeadlockThread.run(LockOrderingDeadlockTest.java:33)
	- waiting to lock <0x000000070fe093a8> (a java.lang.Object)
	- locked <0x000000070fe09398> (a java.lang.Object)

   Locked ownable synchronizers:
	- None

"Thread-1" #12 prio=5 os_prio=0 cpu=24.77ms elapsed=45.77s tid=0x00007efdbc2b6000 nid=0x4929 waiting for monitor entry  [0x00007efd86908000]
   java.lang.Thread.State: BLOCKED (on object monitor)
	at chapter10.OrderingDeadlockThread.run(LockOrderingDeadlockTest.java:33)
	- waiting to lock <0x000000070fe09398> (a java.lang.Object)
	- locked <0x000000070fe093a8> (a java.lang.Object)

   Locked ownable synchronizers:
	- None

"DestroyJavaVM" #13 prio=5 os_prio=0 cpu=78.95ms elapsed=45.77s tid=0x00007efdbc029000 nid=0x4917 waiting on condition  [0x0000000000000000]
   java.lang.Thread.State: RUNNABLE

   Locked ownable synchronizers:
	- None

"Attach Listener" #14 daemon prio=9 os_prio=0 cpu=0.22ms elapsed=0.10s tid=0x00007efd74001000 nid=0x4977 waiting on condition  [0x0000000000000000]
   java.lang.Thread.State: RUNNABLE

   Locked ownable synchronizers:
	- None

"VM Thread" os_prio=0 cpu=3.31ms elapsed=45.85s tid=0x00007efdbc1de800 nid=0x491d runnable  

"GC Thread#0" os_prio=0 cpu=0.30ms elapsed=45.87s tid=0x00007efdbc040800 nid=0x4918 runnable  

"G1 Main Marker" os_prio=0 cpu=0.40ms elapsed=45.87s tid=0x00007efdbc080800 nid=0x4919 runnable  

"G1 Conc#0" os_prio=0 cpu=0.04ms elapsed=45.87s tid=0x00007efdbc082800 nid=0x491a runnable  

"G1 Refine#0" os_prio=0 cpu=0.36ms elapsed=45.86s tid=0x00007efdbc17a000 nid=0x491b runnable  

"G1 Young RemSet Sampling" os_prio=0 cpu=6.96ms elapsed=45.86s tid=0x00007efdbc17b800 nid=0x491c runnable  
"VM Periodic Task Thread" os_prio=0 cpu=33.84ms elapsed=45.78s tid=0x00007efdbc2a1000 nid=0x4926 waiting on condition  

JNI global refs: 5, weak refs: 0


Found one Java-level deadlock:
=============================
"Thread-0":
  waiting to lock monitor 0x00007efd7c008f00 (object 0x000000070fe093a8, a java.lang.Object),
  which is held by "Thread-1"
"Thread-1":
  waiting to lock monitor 0x00007efd5402b280 (object 0x000000070fe09398, a java.lang.Object),
  which is held by "Thread-0"

Java stack information for the threads listed above:
===================================================
"Thread-0":
	at chapter10.OrderingDeadlockThread.run(LockOrderingDeadlockTest.java:33)
	- waiting to lock <0x000000070fe093a8> (a java.lang.Object)
	- locked <0x000000070fe09398> (a java.lang.Object)
"Thread-1":
	at chapter10.OrderingDeadlockThread.run(LockOrderingDeadlockTest.java:33)
	- waiting to lock <0x000000070fe09398> (a java.lang.Object)
	- locked <0x000000070fe093a8> (a java.lang.Object)

Found 1 deadlock.

